*** Starting uWSGI 2.0.18 (64bit) on [Sat Feb 23 23:05:46 2019] ***
compiled with version: 5.4.0 20160609 on 23 February 2019 14:31:21
os: Linux-4.8.0-52-generic #55~16.04.1-Ubuntu SMP Fri Apr 28 14:36:29 UTC 2017
nodename: syjs10
machine: x86_64
clock source: unix
pcre jit disabled
detected number of CPU cores: 8
current working directory: /home/syjs10/tmpctrl/Flask
detected binary path: /usr/local/bin/uwsgi
chdir() to /home/syjs10/tmpctrl/Flask
your processes number limit is 31420
your memory page size is 4096 bytes
detected max file descriptor number: 1024
lock engine: pthread robust mutexes
thunder lock: disabled (you can enable it with --thunder-lock)
uwsgi socket 0 bound to UNIX address /home/syjs10/tmpctrl/Flask/tmpctrl_uwsgi.sock fd 3
uwsgi socket 1 bound to TCP address 127.0.0.1:7000 fd 4
Python version: 3.5.2 (default, Nov 17 2016, 17:05:23)  [GCC 5.4.0 20160609]
*** Python threads support is disabled. You can enable it with --enable-threads ***
Python main interpreter initialized at 0x1bde4a0
your server socket listen backlog is limited to 100 connections
your mercy for graceful operations on workers is 60 seconds
mapped 291680 bytes (284 KB) for 3 cores
*** Operational MODE: preforking ***
WSGI app 0 (mountpoint='') ready in 0 seconds on interpreter 0x1bde4a0 pid: 19071 (default app)
*** uWSGI is running in multiple interpreter mode ***
spawned uWSGI master process (pid: 19071)
spawned uWSGI worker 1 (pid: 19073, cores: 1)
spawned uWSGI worker 2 (pid: 19074, cores: 1)
spawned uWSGI worker 3 (pid: 19075, cores: 1)
invalid request block size: 21573 (max 4096)...skip
invalid request block size: 21573 (max 4096)...skip
invalid request block size: 21573 (max 4096)...skip
invalid request block size: 21573 (max 4096)...skip
invalid request block size: 21573 (max 4096)...skip
invalid request block size: 21573 (max 4096)...skip
[pid: 19073|app: 0|req: 1/1] 127.0.0.1 () {44 vars in 778 bytes} [Sat Feb 23 23:05:56 2019] GET / => generated 12 bytes in 1 msecs (HTTP/1.1 200) 2 headers in 79 bytes (1 switches on core 0)
SIGINT/SIGQUIT received...killing workers...
worker 1 buried after 1 seconds
worker 2 buried after 1 seconds
worker 3 buried after 1 seconds
goodbye to uWSGI.
VACUUM: unix socket /home/syjs10/tmpctrl/Flask/tmpctrl_uwsgi.sock removed.
*** Starting uWSGI 2.0.18 (64bit) on [Sat Feb 23 23:26:46 2019] ***
compiled with version: 5.4.0 20160609 on 23 February 2019 14:31:21
os: Linux-4.8.0-52-generic #55~16.04.1-Ubuntu SMP Fri Apr 28 14:36:29 UTC 2017
nodename: syjs10
machine: x86_64
clock source: unix
pcre jit disabled
detected number of CPU cores: 8
current working directory: /home/syjs10/tmpctrl/Flask
detected binary path: /usr/local/bin/uwsgi
chdir() to /home/syjs10/tmpctrl/Flask
your processes number limit is 31420
your memory page size is 4096 bytes
detected max file descriptor number: 1024
lock engine: pthread robust mutexes
thunder lock: disabled (you can enable it with --thunder-lock)
uwsgi socket 0 bound to UNIX address /home/syjs10/tmpctrl/Flask/tmpctrl_uwsgi.sock fd 3
uwsgi socket 1 bound to TCP address 127.0.0.1:7000 fd 4
Python version: 3.5.2 (default, Nov 17 2016, 17:05:23)  [GCC 5.4.0 20160609]
*** Python threads support is disabled. You can enable it with --enable-threads ***
Python main interpreter initialized at 0x227b430
your server socket listen backlog is limited to 100 connections
your mercy for graceful operations on workers is 60 seconds
mapped 291680 bytes (284 KB) for 3 cores
*** Operational MODE: preforking ***
WSGI app 0 (mountpoint='') ready in 0 seconds on interpreter 0x227b430 pid: 19984 (default app)
*** uWSGI is running in multiple interpreter mode ***
spawned uWSGI master process (pid: 19984)
spawned uWSGI worker 1 (pid: 19986, cores: 1)
spawned uWSGI worker 2 (pid: 19987, cores: 1)
spawned uWSGI worker 3 (pid: 19988, cores: 1)
SIGINT/SIGQUIT received...killing workers...
worker 1 buried after 1 seconds
worker 2 buried after 1 seconds
worker 3 buried after 1 seconds
goodbye to uWSGI.
VACUUM: unix socket /home/syjs10/tmpctrl/Flask/tmpctrl_uwsgi.sock removed.
*** Starting uWSGI 2.0.18 (64bit) on [Sat Feb 23 23:51:07 2019] ***
compiled with version: 5.4.0 20160609 on 23 February 2019 14:31:21
os: Linux-4.8.0-52-generic #55~16.04.1-Ubuntu SMP Fri Apr 28 14:36:29 UTC 2017
nodename: syjs10
machine: x86_64
clock source: unix
pcre jit disabled
detected number of CPU cores: 8
current working directory: /usr/local/bin
detected binary path: /usr/local/bin/uwsgi
chdir() to /home/syjs10/tmpctrl/Flask
your processes number limit is 31420
your memory page size is 4096 bytes
detected max file descriptor number: 1024
lock engine: pthread robust mutexes
thunder lock: disabled (you can enable it with --thunder-lock)
uwsgi socket 0 bound to UNIX address /home/syjs10/tmpctrl/Flask/tmpctrl_uwsgi.sock fd 3
uwsgi socket 1 bound to TCP address 127.0.0.1:7000 fd 4
Python version: 3.5.2 (default, Nov 17 2016, 17:05:23)  [GCC 5.4.0 20160609]
*** Python threads support is disabled. You can enable it with --enable-threads ***
Python main interpreter initialized at 0x1d5cfe0
your server socket listen backlog is limited to 100 connections
your mercy for graceful operations on workers is 60 seconds
mapped 291680 bytes (284 KB) for 3 cores
*** Operational MODE: preforking ***
WSGI app 0 (mountpoint='') ready in 0 seconds on interpreter 0x1d5cfe0 pid: 22141 (default app)
*** uWSGI is running in multiple interpreter mode ***
spawned uWSGI master process (pid: 22141)
spawned uWSGI worker 1 (pid: 22145, cores: 1)
spawned uWSGI worker 2 (pid: 22146, cores: 1)
spawned uWSGI worker 3 (pid: 22147, cores: 1)
[pid: 22147|app: 0|req: 1/1] 127.0.0.1 () {44 vars in 785 bytes} [Sat Feb 23 23:51:45 2019] GET / => generated 12 bytes in 4 msecs (HTTP/1.1 200) 2 headers in 79 bytes (1 switches on core 0)
[pid: 22147|app: 0|req: 2/2] 127.0.0.1 () {44 vars in 785 bytes} [Sat Feb 23 23:51:46 2019] GET / => generated 12 bytes in 1 msecs (HTTP/1.1 200) 2 headers in 79 bytes (1 switches on core 0)
[pid: 22146|app: 0|req: 1/3] 127.0.0.1 () {44 vars in 785 bytes} [Sat Feb 23 23:51:46 2019] GET / => generated 12 bytes in 5 msecs (HTTP/1.1 200) 2 headers in 79 bytes (1 switches on core 0)
[pid: 22146|app: 0|req: 2/4] 127.0.0.1 () {44 vars in 785 bytes} [Sat Feb 23 23:51:46 2019] GET / => generated 12 bytes in 1 msecs (HTTP/1.1 200) 2 headers in 79 bytes (1 switches on core 0)
...brutally killing workers...
worker 1 buried after 1 seconds
worker 2 buried after 1 seconds
worker 3 buried after 1 seconds
binary reloading uWSGI...
chdir() to /usr/local/bin
closing all non-uwsgi socket fds > 2 (max_fd = 1024)...
found fd 3 mapped to socket 0 (/home/syjs10/tmpctrl/Flask/tmpctrl_uwsgi.sock)
found fd 4 mapped to socket 1 (127.0.0.1:7000)
running /usr/local/bin/uwsgi
[uWSGI] getting INI configuration from /home/syjs10/tmpctrl/Flask/tmpctrl_uwsgi.ini
*** Starting uWSGI 2.0.18 (64bit) on [Sat Feb 23 23:59:16 2019] ***
compiled with version: 5.4.0 20160609 on 23 February 2019 14:31:21
os: Linux-4.8.0-52-generic #55~16.04.1-Ubuntu SMP Fri Apr 28 14:36:29 UTC 2017
nodename: syjs10
machine: x86_64
clock source: unix
pcre jit disabled
detected number of CPU cores: 8
current working directory: /usr/local/bin
detected binary path: /usr/local/bin/uwsgi
chdir() to /home/syjs10/tmpctrl/Flask
your processes number limit is 31420
your memory page size is 4096 bytes
detected max file descriptor number: 1024
lock engine: pthread robust mutexes
thunder lock: disabled (you can enable it with --thunder-lock)
uwsgi socket 0 inherited UNIX address /home/syjs10/tmpctrl/Flask/tmpctrl_uwsgi.sock fd 3
uwsgi socket 1 inherited INET address 127.0.0.1:7000 fd 4
Python version: 3.5.2 (default, Nov 17 2016, 17:05:23)  [GCC 5.4.0 20160609]
*** Python threads support is disabled. You can enable it with --enable-threads ***
Python main interpreter initialized at 0x147eaf0
your server socket listen backlog is limited to 100 connections
your mercy for graceful operations on workers is 60 seconds
mapped 291680 bytes (284 KB) for 3 cores
*** Operational MODE: preforking ***
WSGI app 0 (mountpoint='') ready in 0 seconds on interpreter 0x147eaf0 pid: 22141 (default app)
*** uWSGI is running in multiple interpreter mode ***
gracefully (RE)spawned uWSGI master process (pid: 22141)
spawned uWSGI worker 1 (pid: 22683, cores: 1)
spawned uWSGI worker 2 (pid: 22684, cores: 1)
spawned uWSGI worker 3 (pid: 22685, cores: 1)
Sat Feb 23 23:59:25 2019 - uWSGI worker 3 screams: UAAAAAAH my master disconnected: i will kill myself !!!
Sat Feb 23 23:59:25 2019 - uWSGI worker 1 screams: UAAAAAAH my master disconnected: i will kill myself !!!
Sat Feb 23 23:59:25 2019 - uWSGI worker 2 screams: UAAAAAAH my master disconnected: i will kill myself !!!
*** Starting uWSGI 2.0.18 (64bit) on [Sun Feb 24 11:01:37 2019] ***
compiled with version: 5.4.0 20160609 on 23 February 2019 14:31:21
os: Linux-4.8.0-52-generic #55~16.04.1-Ubuntu SMP Fri Apr 28 14:36:29 UTC 2017
nodename: syjs10
machine: x86_64
clock source: unix
pcre jit disabled
detected number of CPU cores: 8
current working directory: /usr/local/bin
detected binary path: /usr/local/bin/uwsgi
chdir() to /home/syjs10/tmpctrl/Flask
your processes number limit is 31420
your memory page size is 4096 bytes
detected max file descriptor number: 1024
lock engine: pthread robust mutexes
thunder lock: disabled (you can enable it with --thunder-lock)
uwsgi socket 0 bound to UNIX address /home/syjs10/tmpctrl/Flask/tmpctrl_uwsgi.sock fd 3
uwsgi socket 1 bound to TCP address 127.0.0.1:7000 fd 4
Python version: 3.5.2 (default, Nov 17 2016, 17:05:23)  [GCC 5.4.0 20160609]
*** Python threads support is disabled. You can enable it with --enable-threads ***
Python main interpreter initialized at 0x232dfe0
your server socket listen backlog is limited to 100 connections
your mercy for graceful operations on workers is 60 seconds
mapped 291680 bytes (284 KB) for 3 cores
*** Operational MODE: preforking ***
WSGI app 0 (mountpoint='') ready in 2 seconds on interpreter 0x232dfe0 pid: 6733 (default app)
*** uWSGI is running in multiple interpreter mode ***
spawned uWSGI master process (pid: 6733)
spawned uWSGI worker 1 (pid: 6742, cores: 1)
spawned uWSGI worker 2 (pid: 6743, cores: 1)
spawned uWSGI worker 3 (pid: 6744, cores: 1)
...brutally killing workers...
worker 1 buried after 1 seconds
worker 2 buried after 1 seconds
worker 3 buried after 1 seconds
binary reloading uWSGI...
chdir() to /usr/local/bin
closing all non-uwsgi socket fds > 2 (max_fd = 1024)...
found fd 3 mapped to socket 0 (/home/syjs10/tmpctrl/Flask/tmpctrl_uwsgi.sock)
found fd 4 mapped to socket 1 (127.0.0.1:7000)
running /usr/local/bin/uwsgi
[uWSGI] getting INI configuration from /home/syjs10/tmpctrl/Flask/tmpctrl_uwsgi.ini
*** Starting uWSGI 2.0.18 (64bit) on [Sun Feb 24 11:02:03 2019] ***
compiled with version: 5.4.0 20160609 on 23 February 2019 14:31:21
os: Linux-4.8.0-52-generic #55~16.04.1-Ubuntu SMP Fri Apr 28 14:36:29 UTC 2017
nodename: syjs10
machine: x86_64
clock source: unix
pcre jit disabled
detected number of CPU cores: 8
current working directory: /usr/local/bin
detected binary path: /usr/local/bin/uwsgi
chdir() to /home/syjs10/tmpctrl/Flask
your processes number limit is 31420
your memory page size is 4096 bytes
detected max file descriptor number: 1024
lock engine: pthread robust mutexes
thunder lock: disabled (you can enable it with --thunder-lock)
uwsgi socket 0 inherited UNIX address /home/syjs10/tmpctrl/Flask/tmpctrl_uwsgi.sock fd 3
uwsgi socket 1 inherited INET address 127.0.0.1:7000 fd 4
Python version: 3.5.2 (default, Nov 17 2016, 17:05:23)  [GCC 5.4.0 20160609]
*** Python threads support is disabled. You can enable it with --enable-threads ***
Python main interpreter initialized at 0x2477af0
your server socket listen backlog is limited to 100 connections
your mercy for graceful operations on workers is 60 seconds
mapped 291680 bytes (284 KB) for 3 cores
*** Operational MODE: preforking ***
WSGI app 0 (mountpoint='') ready in 0 seconds on interpreter 0x2477af0 pid: 6733 (default app)
*** uWSGI is running in multiple interpreter mode ***
gracefully (RE)spawned uWSGI master process (pid: 6733)
spawned uWSGI worker 1 (pid: 6782, cores: 1)
spawned uWSGI worker 2 (pid: 6783, cores: 1)
spawned uWSGI worker 3 (pid: 6784, cores: 1)
Sun Feb 24 11:02:12 2019 - uWSGI worker 3 screams: UAAAAAAH my master disconnected: i will kill myself !!!
Sun Feb 24 11:02:12 2019 - uWSGI worker 2 screams: UAAAAAAH my master disconnected: i will kill myself !!!
Sun Feb 24 11:02:12 2019 - uWSGI worker 1 screams: UAAAAAAH my master disconnected: i will kill myself !!!
*** Starting uWSGI 2.0.18 (64bit) on [Sun Feb 24 11:02:13 2019] ***
compiled with version: 5.4.0 20160609 on 23 February 2019 14:31:21
os: Linux-4.8.0-52-generic #55~16.04.1-Ubuntu SMP Fri Apr 28 14:36:29 UTC 2017
nodename: syjs10
machine: x86_64
clock source: unix
pcre jit disabled
detected number of CPU cores: 8
current working directory: /usr/local/bin
detected binary path: /usr/local/bin/uwsgi
chdir() to /home/syjs10/tmpctrl/Flask
your processes number limit is 31420
your memory page size is 4096 bytes
detected max file descriptor number: 1024
lock engine: pthread robust mutexes
thunder lock: disabled (you can enable it with --thunder-lock)
uwsgi socket 0 bound to UNIX address /home/syjs10/tmpctrl/Flask/tmpctrl_uwsgi.sock fd 3
uwsgi socket 1 bound to TCP address 127.0.0.1:7000 fd 4
Python version: 3.5.2 (default, Nov 17 2016, 17:05:23)  [GCC 5.4.0 20160609]
*** Python threads support is disabled. You can enable it with --enable-threads ***
Python main interpreter initialized at 0x2026fe0
your server socket listen backlog is limited to 100 connections
your mercy for graceful operations on workers is 60 seconds
mapped 291680 bytes (284 KB) for 3 cores
*** Operational MODE: preforking ***
WSGI app 0 (mountpoint='') ready in 0 seconds on interpreter 0x2026fe0 pid: 6808 (default app)
*** uWSGI is running in multiple interpreter mode ***
spawned uWSGI master process (pid: 6808)
spawned uWSGI worker 1 (pid: 6810, cores: 1)
spawned uWSGI worker 2 (pid: 6811, cores: 1)
spawned uWSGI worker 3 (pid: 6812, cores: 1)
[pid: 6811|app: 0|req: 1/1] 127.0.0.1 () {44 vars in 785 bytes} [Sun Feb 24 11:02:14 2019] GET / => generated 12 bytes in 1 msecs (HTTP/1.1 200) 2 headers in 79 bytes (1 switches on core 0)
[pid: 6811|app: 0|req: 2/2] 127.0.0.1 () {46 vars in 786 bytes} [Sun Feb 24 11:02:14 2019] GET /favicon.ico => generated 233 bytes in 69 msecs (HTTP/1.1 404) 2 headers in 72 bytes (1 switches on core 0)
